D:\APP\RBJ\NOW\CWTCLASS\DEBUG\BCGDLG.OBJ
D:\APP\RBJ\NOW\CWTCLASS\DEBUG\BOSSCLASS.OBJ
D:\app\rbj\now\CWTCLASS\Debug\cl.command.1.tlog
D:\app\rbj\now\CWTCLASS\Debug\CL.read.1.tlog
D:\app\rbj\now\CWTCLASS\Debug\CL.write.1.tlog
D:\APP\RBJ\NOW\CWTCLASS\DEBUG\CLASSTEST.OBJ
D:\APP\RBJ\NOW\CWTCLASS\DEBUG\CLASSTEST.RES
D:\app\rbj\now\CWTCLASS\Debug\CLASSTEST.vcxprojResolveAssemblyReference.cache
D:\APP\RBJ\NOW\CWTCLASS\DEBUG\CLASSTESTDLG.OBJ
D:\APP\RBJ\NOW\CWTCLASS\DEBUG\COMMPORT.OBJ
D:\APP\RBJ\NOW\CWTCLASS\DEBUG\CWBCG.OBJ
D:\APP\RBJ\NOW\CWTCLASS\DEBUG\CWCLASS.EXE
D:\APP\RBJ\NOW\CWTCLASS\DEBUG\CWCLASS.ILK
D:\APP\RBJ\NOW\CWTCLASS\DEBUG\CWCLASS.PCH
D:\APP\RBJ\NOW\CWTCLASS\DEBUG\CWCLASS.PDB
D:\app\rbj\now\CWTCLASS\Debug\CWCLASS.write.1.tlog
D:\APP\RBJ\NOW\CWTCLASS\DEBUG\GDIPBUTTON.OBJ
D:\app\rbj\now\CWTCLASS\Debug\link.22084.read.1.tlog
D:\app\rbj\now\CWTCLASS\Debug\link.22084.write.1.tlog
D:\app\rbj\now\CWTCLASS\Debug\link.22084-cvtres.read.1.tlog
D:\app\rbj\now\CWTCLASS\Debug\link.22084-cvtres.write.1.tlog
D:\app\rbj\now\CWTCLASS\Debug\link.24732.read.1.tlog
D:\app\rbj\now\CWTCLASS\Debug\link.24732.write.1.tlog
D:\app\rbj\now\CWTCLASS\Debug\link.24732-cvtres.read.1.tlog
D:\app\rbj\now\CWTCLASS\Debug\link.24732-cvtres.write.1.tlog
D:\app\rbj\now\CWTCLASS\Debug\link.command.1.tlog
D:\app\rbj\now\CWTCLASS\Debug\link.read.1.tlog
D:\app\rbj\now\CWTCLASS\Debug\link.write.1.tlog
D:\app\rbj\now\CWTCLASS\Debug\link-cvtres.read.1.tlog
D:\app\rbj\now\CWTCLASS\Debug\link-cvtres.write.1.tlog
D:\app\rbj\now\CWTCLASS\Debug\rc.command.1.tlog
D:\app\rbj\now\CWTCLASS\Debug\rc.read.1.tlog
D:\app\rbj\now\CWTCLASS\Debug\rc.write.1.tlog
D:\APP\RBJ\NOW\CWTCLASS\DEBUG\RESDLG.OBJ
D:\APP\RBJ\NOW\CWTCLASS\DEBUG\SPEECH_RECOGNIZER.OBJ
D:\APP\RBJ\NOW\CWTCLASS\DEBUG\STDAFX.OBJ
D:\APP\RBJ\NOW\CWTCLASS\DEBUG\TULING.OBJ
D:\app\rbj\now\CWTCLASS\Debug\vc100.idb
D:\APP\RBJ\NOW\CWTCLASS\DEBUG\VC100.PDB
D:\APP\RBJ\NOW\CWTCLASS\DEBUG\WCALIBREATE.OBJ
D:\APP\RBJ\NOW\CWTCLASS\DEBUG\WINREC.OBJ
D:\APP\RBJ\NOW\CWTCLASS\DEBUG\WLISTEN.OBJ
D:\APP\RBJ\NOW\CWTCLASS\DEBUG\WMFCBTN.OBJ
D:\APP\RBJ\NOW\CWTCLASS\DEBUG\WROBO.OBJ
D:\APP\RBJ\NOW\CWTCLASS\DEBUG\WTALK.OBJ
D:\APP\RBJ\NOW\CWTCLASS\DEBUG\XFUNCOM.OBJ
D:\APP\RBJ\NOW\CWTCLASS\DEBUG\YCINI.OBJ
